<?xml version="1.0" encoding="UTF-8"?>
<!-- Generated by org.testng.reporters.JUnitReportReporter -->
<testsuite hostname="DESKTOP-8IV360U" name="com.test.dice.Testcases.Sample" tests="2" failures="0" timestamp="28 Apr 2020 13:11:32 GMT" time="0.044" errors="0">
  <testcase name="s" time="0.011" classname="com.test.dice.Testcases.Sample"/>
  <testcase name="print" time="0.033" classname="com.test.dice.Testcases.Sample"/>
</testsuite> <!-- com.test.dice.Testcases.Sample -->
